mode: count
github.com\sky0621\work-go-GopyByEachEnv\config.go:44.49,46.16 2 1
github.com\sky0621\work-go-GopyByEachEnv\config.go:51.2,53.16 3 1
github.com\sky0621\work-go-GopyByEachEnv\config.go:60.2,60.15 1 1
github.com\sky0621\work-go-GopyByEachEnv\config.go:46.16,49.3 2 0
github.com\sky0621\work-go-GopyByEachEnv\config.go:53.16,56.3 2 0
github.com\sky0621\work-go-GopyByEachEnv\copy.go:25.42,26.18 1 1
github.com\sky0621\work-go-GopyByEachEnv\copy.go:29.2,31.16 3 1
github.com\sky0621\work-go-GopyByEachEnv\copy.go:36.2,38.35 2 1
github.com\sky0621\work-go-GopyByEachEnv\copy.go:58.2,58.10 1 1
github.com\sky0621\work-go-GopyByEachEnv\copy.go:26.18,28.3 1 0
github.com\sky0621\work-go-GopyByEachEnv\copy.go:31.16,35.3 3 0
github.com\sky0621\work-go-GopyByEachEnv\copy.go:38.35,43.19 4 1
github.com\sky0621\work-go-GopyByEachEnv\copy.go:48.3,52.19 4 1
github.com\sky0621\work-go-GopyByEachEnv\copy.go:43.19,47.4 3 0
github.com\sky0621\work-go-GopyByEachEnv\copy.go:52.19,56.4 3 0
github.com\sky0621\work-go-GopyByEachEnv\copy.go:61.46,62.18 1 0
github.com\sky0621\work-go-GopyByEachEnv\copy.go:65.2,65.35 1 0
github.com\sky0621\work-go-GopyByEachEnv\copy.go:101.2,101.10 1 0
github.com\sky0621\work-go-GopyByEachEnv\copy.go:62.18,64.3 1 0
github.com\sky0621\work-go-GopyByEachEnv\copy.go:65.35,67.17 2 0
github.com\sky0621\work-go-GopyByEachEnv\copy.go:72.3,75.19 3 0
github.com\sky0621\work-go-GopyByEachEnv\copy.go:80.3,84.22 4 0
github.com\sky0621\work-go-GopyByEachEnv\copy.go:94.3,97.27 3 0
github.com\sky0621\work-go-GopyByEachEnv\copy.go:67.17,71.4 3 0
github.com\sky0621\work-go-GopyByEachEnv\copy.go:75.19,79.4 3 0
github.com\sky0621\work-go-GopyByEachEnv\copy.go:84.22,86.44 2 0
github.com\sky0621\work-go-GopyByEachEnv\copy.go:92.4,92.37 1 0
github.com\sky0621\work-go-GopyByEachEnv\copy.go:86.44,88.16 2 0
github.com\sky0621\work-go-GopyByEachEnv\copy.go:88.16,90.6 1 0
github.com\sky0621\work-go-GopyByEachEnv\copy.go:97.27,99.4 1 0
github.com\sky0621\work-go-GopyByEachEnv\copy.go:104.38,105.18 1 0
github.com\sky0621\work-go-GopyByEachEnv\copy.go:108.2,108.35 1 0
github.com\sky0621\work-go-GopyByEachEnv\copy.go:114.2,114.10 1 0
github.com\sky0621\work-go-GopyByEachEnv\copy.go:105.18,107.3 1 0
github.com\sky0621\work-go-GopyByEachEnv\copy.go:108.35,110.24 2 0
github.com\sky0621\work-go-GopyByEachEnv\copy.go:110.24,112.4 1 0
github.com\sky0621\work-go-GopyByEachEnv\copy.go:117.41,118.14 1 0
github.com\sky0621\work-go-GopyByEachEnv\copy.go:121.2,123.13 3 0
github.com\sky0621\work-go-GopyByEachEnv\copy.go:118.14,120.3 1 0
github.com\sky0621\work-go-GopyByEachEnv\copyByEachEnv.go:30.20,35.15 2 0
github.com\sky0621\work-go-GopyByEachEnv\copyByEachEnv.go:42.2,43.19 2 0
github.com\sky0621\work-go-GopyByEachEnv\copyByEachEnv.go:52.2,56.60 3 0
github.com\sky0621\work-go-GopyByEachEnv\copyByEachEnv.go:35.15,36.35 1 0
github.com\sky0621\work-go-GopyByEachEnv\copyByEachEnv.go:36.35,39.4 2 0
github.com\sky0621\work-go-GopyByEachEnv\copyByEachEnv.go:43.19,46.3 2 0
github.com\sky0621\work-go-GopyByEachEnv\copyByEachEnv.go:56.60,59.3 2 0
github.com\sky0621\work-go-GopyByEachEnv\handle.go:11.58,12.18 1 0
github.com\sky0621\work-go-GopyByEachEnv\handle.go:13.2,14.18 1 0
github.com\sky0621\work-go-GopyByEachEnv\handle.go:15.2,16.51 1 0
github.com\sky0621\work-go-GopyByEachEnv\handle.go:23.56,26.20 2 0
github.com\sky0621\work-go-GopyByEachEnv\handle.go:31.2,31.17 1 0
github.com\sky0621\work-go-GopyByEachEnv\handle.go:26.20,29.3 2 0
github.com\sky0621\work-go-GopyByEachEnv\handle.go:32.2,33.19 1 0
github.com\sky0621\work-go-GopyByEachEnv\handle.go:34.2,35.17 1 0
github.com\sky0621\work-go-GopyByEachEnv\handle.go:36.2,37.27 1 0
github.com\sky0621\work-go-GopyByEachEnv\handle.go:44.57,52.40 4 0
github.com\sky0621\work-go-GopyByEachEnv\handle.go:52.40,56.3 3 0
github.com\sky0621\work-go-GopyByEachEnv\handle.go:59.92,60.21 1 0
github.com\sky0621\work-go-GopyByEachEnv\handle.go:60.21,62.17 2 0
github.com\sky0621\work-go-GopyByEachEnv\handle.go:68.3,68.13 1 0
github.com\sky0621\work-go-GopyByEachEnv\handle.go:79.3,79.60 1 0
github.com\sky0621\work-go-GopyByEachEnv\handle.go:62.17,67.4 4 0
github.com\sky0621\work-go-GopyByEachEnv\handle.go:68.13,72.25 3 0
github.com\sky0621\work-go-GopyByEachEnv\handle.go:72.25,77.5 4 0
github.com\sky0621\work-go-GopyByEachEnv\handle.go:83.55,87.2 3 0
github.com\sky0621\work-go-GopyByEachEnv\modify.go:15.45,17.16 2 0
github.com\sky0621\work-go-GopyByEachEnv\modify.go:22.2,22.34 1 0
github.com\sky0621\work-go-GopyByEachEnv\modify.go:27.2,27.19 1 0
github.com\sky0621\work-go-GopyByEachEnv\modify.go:17.16,20.3 2 0
github.com\sky0621\work-go-GopyByEachEnv\modify.go:22.34,25.3 2 0
